Arguments: 
  /usr/local/bin/node /opt/yarn-v1.21.1/bin/yarn.js

PATH: 
  /usr/local/sbin:/usr/local/bin:/usr/sbin:/usr/bin:/sbin:/bin

Yarn version: 
  1.21.1

Node version: 
  12.14.1

Platform: 
  linux x64

Trace: 
  Error: http://github.com/component/emitter/archive/1.0.1.tar.gz: ENOENT: no such file or directory, open '/usr/local/share/.cache/yarn/v6/.tmp/c093b6de586a0ae2ebbab27ba3b833a5/.yarn-tarball.tgz'

npm manifest: 
  {
      "name": "altu-serverless",
      "version": "1.0.0",
      "description": "ALTU Serverless functions for AWS Lambda",
      "author": "Marcos Duarte",
      "dependencies": {
          "@hapi/joi": "^17.1.0",
          "aws-sdk": "^2.609.0",
          "axios": "^0.19.2",
          "axios-oauth-client": "^1.2.1",
          "azure-sb": "^0.11.1",
          "capitalize": "^2.0.3",
          "cpf_cnpj": "^0.2.0",
          "crypto": "^1.0.1",
          "crypto-js": "^4.0.0",
          "csv": "^5.3.2",
          "csvtojson": "^2.0.10",
          "currency-formatter": "^1.5.5",
          "dns": "^0.2.2",
          "express": "^4.17.1",
          "feedparser": "^2.2.9",
          "form-data": "^3.0.0",
          "fs": "0.0.1-security",
          "fs-extra": "^9.0.1",
          "ftp": "^0.3.10",
          "ftp-client": "^0.2.2",
          "geodist": "^0.2.1",
          "geolib": "^3.2.1",
          "http-status-codes": "^1.4.0",
          "jimp": "^0.13.0",
          "js-md5": "^0.7.3",
          "js-sha256": "^0.9.0",
          "json2csv": "^5.0.0",
          "jsonpath": "^1.0.2",
          "jsonwebtoken": "^8.5.1",
          "libphonenumber-js": "^1.7.54",
          "lodash.capitalize": "^4.2.1",
          "lodash.deburr": "^4.1.0",
          "lodash.shuffle": "^4.2.0",
          "luxon": "^1.25.0",
          "moment": "^2.24.0",
          "moment-business-days": "^1.1.3",
          "moment-business-time": "^1.0.0",
          "moment-timezone": "^0.5.32",
          "mysql": "^2.18.1",
          "mysql2": "^2.1.0",
          "node-expat": "^2.3.18",
          "node-ftp": "0.0.1-security",
          "qs": "^6.9.1",
          "ramda": "^0.27.0",
          "redis": "^3.0.2",
          "request": "^2.88.0",
          "request-promise": "^4.2.5",
          "requirejs": "^2.3.6",
          "rss": "^1.2.2",
          "sequelize": "^5.21.6",
          "serverless-domain-manager": "^3.3.1",
          "simple-oauth2": "^3.1.0",
          "soap": "^0.30.0",
          "ssh2-sftp-client": "^5.1.2",
          "url-join": "^4.0.1",
          "url-parse": "^1.4.7",
          "uuid": "^3.4.0",
          "xml-js": "^1.6.11",
          "xml2json": "^0.12.0",
          "xmlhttprequest": "^1.8.0"
      },
      "devDependencies": {
          "eslint-plugin-json": "^2.0.1",
          "jest": "^26.2.2",
          "nodemon": "^2.0.3",
          "serverless-apigw-binary": "^0.4.4",
          "serverless-offline": "^5.12.1"
      }
  }

yarn manifest: 
  No manifest

Lockfile: 
  No lockfile
